build/app/intermediates/manifest_merge_blame_file/release/processReleaseMainManifest/manifest-merger-blame-release-report.txt
1<?xml version="1.0" encoding="utf-8"?>
2<manifest xmlns:android="http://schemas.android.com/apk/res/android"
3    package="com.glc.agent.glcagent"
4    android:versionCode="1"
5    android:versionName="1.0.0" >
6
7    <uses-sdk
8        android:minSdkVersion="24"
9        android:targetSdkVersion="35" />
10    <!--
11         Required to query activities that can process text, see:
12         https://developer.android.com/training/package-visibility and
13         https://developer.android.com/reference/android/content/Intent#ACTION_PROCESS_TEXT.
14
15         In particular, this is used by the Flutter engine in io.flutter.plugin.text.ProcessTextPlugin.
16    -->
17    <queries>
17-->src/main/AndroidManifest.xml:39:5-44:15
18        <intent>
18-->src/main/AndroidManifest.xml:40:9-43:18
19            <action android:name="android.intent.action.PROCESS_TEXT" />
19-->src/main/AndroidManifest.xml:41:13-72
19-->src/main/AndroidManifest.xml:41:21-70
20
21            <data android:mimeType="text/plain" />
21-->src/main/AndroidManifest.xml:42:13-50
21-->src/main/AndroidManifest.xml:42:19-48
22        </intent>
23        <!-- Needs to be explicitly declared on Android R+ -->
24        <package android:name="com.google.android.apps.maps" />
24-->[com.google.android.gms:play-services-maps:18.2.0] AndroidManifest.xml:33:9-64
24-->[com.google.android.gms:play-services-maps:18.2.0] AndroidManifest.xml:33:18-61
25    </queries>
26
27    <uses-permission android:name="android.permission.ACCESS_COARSE_LOCATION" />
27-->[:location] AndroidManifest.xml:7:5-81
27-->[:location] AndroidManifest.xml:7:22-78
28    <uses-permission android:name="android.permission.ACCESS_FINE_LOCATION" />
28-->[:location] AndroidManifest.xml:8:5-79
28-->[:location] AndroidManifest.xml:8:22-76
29    <uses-permission android:name="android.permission.ACCESS_NETWORK_STATE" />
29-->[:connectivity_plus] AndroidManifest.xml:7:5-79
29-->[:connectivity_plus] AndroidManifest.xml:7:22-76
30    <uses-permission android:name="android.permission.INTERNET" />
30-->[com.google.android.gms:play-services-maps:18.2.0] AndroidManifest.xml:24:5-67
30-->[com.google.android.gms:play-services-maps:18.2.0] AndroidManifest.xml:24:22-64
31
32    <uses-feature
32-->[com.google.android.gms:play-services-maps:18.2.0] AndroidManifest.xml:26:5-28:35
33        android:glEsVersion="0x00020000"
33-->[com.google.android.gms:play-services-maps:18.2.0] AndroidManifest.xml:27:9-41
34        android:required="true" />
34-->[com.google.android.gms:play-services-maps:18.2.0] AndroidManifest.xml:28:9-32
35
36    <permission
36-->[androidx.core:core:1.13.1] AndroidManifest.xml:22:5-24:47
37        android:name="com.glc.agent.glcagent.DYNAMIC_RECEIVER_NOT_EXPORTED_PERMISSION"
37-->[androidx.core:core:1.13.1] AndroidManifest.xml:23:9-81
38        android:protectionLevel="signature" />
38-->[androidx.core:core:1.13.1] AndroidManifest.xml:24:9-44
39
40    <uses-permission android:name="com.glc.agent.glcagent.DYNAMIC_RECEIVER_NOT_EXPORTED_PERMISSION" />
40-->[androidx.core:core:1.13.1] AndroidManifest.xml:26:5-97
40-->[androidx.core:core:1.13.1] AndroidManifest.xml:26:22-94
41
42    <application
43        android:name="android.app.Application"
43-->src/main/AndroidManifest.xml:4:9-42
44        android:appComponentFactory="androidx.core.app.CoreComponentFactory"
44-->[androidx.core:core:1.13.1] AndroidManifest.xml:28:18-86
45        android:extractNativeLibs="false"
46        android:icon="@mipmap/ic_launcher"
46-->src/main/AndroidManifest.xml:5:9-43
47        android:label="glcagent" >
47-->src/main/AndroidManifest.xml:3:9-33
48        <activity
48-->src/main/AndroidManifest.xml:6:9-27:20
49            android:name="com.glc.agent.glcagent.MainActivity"
49-->src/main/AndroidManifest.xml:7:13-41
50            android:configChanges="orientation|keyboardHidden|keyboard|screenSize|smallestScreenSize|locale|layoutDirection|fontScale|screenLayout|density|uiMode"
50-->src/main/AndroidManifest.xml:12:13-163
51            android:exported="true"
51-->src/main/AndroidManifest.xml:8:13-36
52            android:hardwareAccelerated="true"
52-->src/main/AndroidManifest.xml:13:13-47
53            android:launchMode="singleTop"
53-->src/main/AndroidManifest.xml:9:13-43
54            android:taskAffinity=""
54-->src/main/AndroidManifest.xml:10:13-36
55            android:theme="@style/LaunchTheme"
55-->src/main/AndroidManifest.xml:11:13-47
56            android:windowSoftInputMode="adjustResize" >
56-->src/main/AndroidManifest.xml:14:13-55
57
58            <!--
59                 Specifies an Android theme to apply to this Activity as soon as
60                 the Android process has started. This theme is visible to the user
61                 while the Flutter UI initializes. After that, this theme continues
62                 to determine the Window background behind the Flutter UI.
63            -->
64            <meta-data
64-->src/main/AndroidManifest.xml:19:13-22:17
65                android:name="io.flutter.embedding.android.NormalTheme"
65-->src/main/AndroidManifest.xml:20:15-70
66                android:resource="@style/NormalTheme" />
66-->src/main/AndroidManifest.xml:21:15-52
67
68            <intent-filter>
68-->src/main/AndroidManifest.xml:23:13-26:29
69                <action android:name="android.intent.action.MAIN" />
69-->src/main/AndroidManifest.xml:24:17-68
69-->src/main/AndroidManifest.xml:24:25-66
70
71                <category android:name="android.intent.category.LAUNCHER" />
71-->src/main/AndroidManifest.xml:25:17-76
71-->src/main/AndroidManifest.xml:25:27-74
72            </intent-filter>
73        </activity>
74        <!--
75             Don't delete the meta-data below.
76             This is used by the Flutter tool to generate GeneratedPluginRegistrant.java
77        -->
78        <meta-data
78-->src/main/AndroidManifest.xml:30:9-32:33
79            android:name="flutterEmbedding"
79-->src/main/AndroidManifest.xml:31:13-44
80            android:value="2" />
80-->src/main/AndroidManifest.xml:32:13-30
81
82        <service
82-->[:location] AndroidManifest.xml:11:9-15:56
83            android:name="com.lyokone.location.FlutterLocationService"
83-->[:location] AndroidManifest.xml:12:13-71
84            android:enabled="true"
84-->[:location] AndroidManifest.xml:13:13-35
85            android:exported="false"
85-->[:location] AndroidManifest.xml:14:13-37
86            android:foregroundServiceType="location" />
86-->[:location] AndroidManifest.xml:15:13-53
87        <service
87-->[:geolocator_android] AndroidManifest.xml:8:9-12:56
88            android:name="com.baseflow.geolocator.GeolocatorLocationService"
88-->[:geolocator_android] AndroidManifest.xml:9:13-77
89            android:enabled="true"
89-->[:geolocator_android] AndroidManifest.xml:10:13-35
90            android:exported="false"
90-->[:geolocator_android] AndroidManifest.xml:11:13-37
91            android:foregroundServiceType="location" />
91-->[:geolocator_android] AndroidManifest.xml:12:13-53
92
93        <uses-library
93-->[androidx.window:window:1.2.0] AndroidManifest.xml:23:9-25:40
94            android:name="androidx.window.extensions"
94-->[androidx.window:window:1.2.0] AndroidManifest.xml:24:13-54
95            android:required="false" />
95-->[androidx.window:window:1.2.0] AndroidManifest.xml:25:13-37
96        <uses-library
96-->[androidx.window:window:1.2.0] AndroidManifest.xml:26:9-28:40
97            android:name="androidx.window.sidecar"
97-->[androidx.window:window:1.2.0] AndroidManifest.xml:27:13-51
98            android:required="false" /> <!-- Needs to be explicitly declared on P+ -->
98-->[androidx.window:window:1.2.0] AndroidManifest.xml:28:13-37
99        <uses-library
99-->[com.google.android.gms:play-services-maps:18.2.0] AndroidManifest.xml:39:9-41:40
100            android:name="org.apache.http.legacy"
100-->[com.google.android.gms:play-services-maps:18.2.0] AndroidManifest.xml:40:13-50
101            android:required="false" />
101-->[com.google.android.gms:play-services-maps:18.2.0] AndroidManifest.xml:41:13-37
102
103        <activity
103-->[com.google.android.gms:play-services-base:18.3.0] AndroidManifest.xml:20:9-22:45
104            android:name="com.google.android.gms.common.api.GoogleApiActivity"
104-->[com.google.android.gms:play-services-base:18.3.0] AndroidManifest.xml:20:19-85
105            android:exported="false"
105-->[com.google.android.gms:play-services-base:18.3.0] AndroidManifest.xml:22:19-43
106            android:theme="@android:style/Theme.Translucent.NoTitleBar" />
106-->[com.google.android.gms:play-services-base:18.3.0] AndroidManifest.xml:21:19-78
107
108        <meta-data
108-->[com.google.android.gms:play-services-basement:18.3.0] AndroidManifest.xml:21:9-23:69
109            android:name="com.google.android.gms.version"
109-->[com.google.android.gms:play-services-basement:18.3.0] AndroidManifest.xml:22:13-58
110            android:value="@integer/google_play_services_version" />
110-->[com.google.android.gms:play-services-basement:18.3.0] AndroidManifest.xml:23:13-66
111
112        <provider
112-->[androidx.lifecycle:lifecycle-process:2.7.0] AndroidManifest.xml:24:9-32:20
113            android:name="androidx.startup.InitializationProvider"
113-->[androidx.lifecycle:lifecycle-process:2.7.0] AndroidManifest.xml:25:13-67
114            android:authorities="com.glc.agent.glcagent.androidx-startup"
114-->[androidx.lifecycle:lifecycle-process:2.7.0] AndroidManifest.xml:26:13-68
115            android:exported="false" >
115-->[androidx.lifecycle:lifecycle-process:2.7.0] AndroidManifest.xml:27:13-37
116            <meta-data
116-->[androidx.lifecycle:lifecycle-process:2.7.0] AndroidManifest.xml:29:13-31:52
117                android:name="androidx.lifecycle.ProcessLifecycleInitializer"
117-->[androidx.lifecycle:lifecycle-process:2.7.0] AndroidManifest.xml:30:17-78
118                android:value="androidx.startup" />
118-->[androidx.lifecycle:lifecycle-process:2.7.0] AndroidManifest.xml:31:17-49
119            <meta-data
119-->[androidx.profileinstaller:profileinstaller:1.3.1] AndroidManifest.xml:29:13-31:52
120                android:name="androidx.profileinstaller.ProfileInstallerInitializer"
120-->[androidx.profileinstaller:profileinstaller:1.3.1] AndroidManifest.xml:30:17-85
121                android:value="androidx.startup" />
121-->[androidx.profileinstaller:profileinstaller:1.3.1] AndroidManifest.xml:31:17-49
122        </provider>
123
124        <receiver
124-->[androidx.profileinstaller:profileinstaller:1.3.1] AndroidManifest.xml:34:9-52:20
125            android:name="androidx.profileinstaller.ProfileInstallReceiver"
125-->[androidx.profileinstaller:profileinstaller:1.3.1] AndroidManifest.xml:35:13-76
126            android:directBootAware="false"
126-->[androidx.profileinstaller:profileinstaller:1.3.1] AndroidManifest.xml:36:13-44
127            android:enabled="true"
127-->[androidx.profileinstaller:profileinstaller:1.3.1] AndroidManifest.xml:37:13-35
128            android:exported="true"
128-->[androidx.profileinstaller:profileinstaller:1.3.1] AndroidManifest.xml:38:13-36
129            android:permission="android.permission.DUMP" >
129-->[androidx.profileinstaller:profileinstaller:1.3.1] AndroidManifest.xml:39:13-57
130            <intent-filter>
130-->[androidx.profileinstaller:profileinstaller:1.3.1] AndroidManifest.xml:40:13-42:29
131                <action android:name="androidx.profileinstaller.action.INSTALL_PROFILE" />
131-->[androidx.profileinstaller:profileinstaller:1.3.1] AndroidManifest.xml:41:17-91
131-->[androidx.profileinstaller:profileinstaller:1.3.1] AndroidManifest.xml:41:25-88
132            </intent-filter>
133            <intent-filter>
133-->[androidx.profileinstaller:profileinstaller:1.3.1] AndroidManifest.xml:43:13-45:29
134                <action android:name="androidx.profileinstaller.action.SKIP_FILE" />
134-->[androidx.profileinstaller:profileinstaller:1.3.1] AndroidManifest.xml:44:17-85
134-->[androidx.profileinstaller:profileinstaller:1.3.1] AndroidManifest.xml:44:25-82
135            </intent-filter>
136            <intent-filter>
136-->[androidx.profileinstaller:profileinstaller:1.3.1] AndroidManifest.xml:46:13-48:29
137                <action android:name="androidx.profileinstaller.action.SAVE_PROFILE" />
137-->[androidx.profileinstaller:profileinstaller:1.3.1] AndroidManifest.xml:47:17-88
137-->[androidx.profileinstaller:profileinstaller:1.3.1] AndroidManifest.xml:47:25-85
138            </intent-filter>
139            <intent-filter>
139-->[androidx.profileinstaller:profileinstaller:1.3.1] AndroidManifest.xml:49:13-51:29
140                <action android:name="androidx.profileinstaller.action.BENCHMARK_OPERATION" />
140-->[androidx.profileinstaller:profileinstaller:1.3.1] AndroidManifest.xml:50:17-95
140-->[androidx.profileinstaller:profileinstaller:1.3.1] AndroidManifest.xml:50:25-92
141            </intent-filter>
142        </receiver>
143    </application>
144
145</manifest>